{"C:\\Users\\apoor\\crypto-pulse\\crypto-backend\\config\\db.js": {"path":"C:\\Users\\apoor\\crypto-pulse\\crypto-backend\\config\\db.js","statementMap":{"0":{"start":{"line":1,"column":17},"end":{"line":1,"column":36}},"1":{"start":{"line":4,"column":2},"end":{"line":10,"column":3}},"2":{"start":{"line":5,"column":4},"end":{"line":5,"column":50}},"3":{"start":{"line":6,"column":4},"end":{"line":6,"column":39}},"4":{"start":{"line":8,"column":4},"end":{"line":8,"column":63}},"5":{"start":{"line":9,"column":4},"end":{"line":9,"column":20}},"6":{"start":{"line":13,"column":0},"end":{"line":13,"column":27}}},"fnMap":{"0":{"name":"connectDB","decl":{"start":{"line":3,"column":15},"end":{"line":3,"column":24}},"loc":{"start":{"line":3,"column":27},"end":{"line":11,"column":1}},"line":3}},"branchMap":{},"s":{"0":1,"1":2,"2":2,"3":1,"4":1,"5":1,"6":1},"f":{"0":2},"b":{},"_coverageSchema":"1a1c01bbd47fc00a2c39e90264f33305004495a9","hash":"e0c2ed6c87d4a8db458aea0981b04825848c9985"}
,"C:\\Users\\apoor\\crypto-pulse\\crypto-backend\\config\\firebaseAdmin.js": {"path":"C:\\Users\\apoor\\crypto-pulse\\crypto-backend\\config\\firebaseAdmin.js","statementMap":{"0":{"start":{"line":1,"column":14},"end":{"line":1,"column":39}},"1":{"start":{"line":2,"column":13},"end":{"line":2,"column":28}},"2":{"start":{"line":4,"column":23},"end":{"line":7,"column":2}},"3":{"start":{"line":9,"column":0},"end":{"line":13,"column":1}},"4":{"start":{"line":10,"column":2},"end":{"line":12,"column":5}},"5":{"start":{"line":15,"column":0},"end":{"line":15,"column":23}}},"fnMap":{},"branchMap":{"0":{"loc":{"start":{"line":9,"column":0},"end":{"line":13,"column":1}},"type":"if","locations":[{"start":{"line":9,"column":0},"end":{"line":13,"column":1}},{"start":{},"end":{}}],"line":9}},"s":{"0":1,"1":1,"2":1,"3":1,"4":1,"5":1},"f":{},"b":{"0":[1,0]},"_coverageSchema":"1a1c01bbd47fc00a2c39e90264f33305004495a9","hash":"eabf151f3f1560ec5c99d19c199c08fd18ac5ebd"}
,"C:\\Users\\apoor\\crypto-pulse\\crypto-backend\\middleware\\authMiddleware.js": {"path":"C:\\Users\\apoor\\crypto-pulse\\crypto-backend\\middleware\\authMiddleware.js","statementMap":{"0":{"start":{"line":1,"column":18},"end":{"line":1,"column":52}},"1":{"start":{"line":2,"column":14},"end":{"line":2,"column":48}},"2":{"start":{"line":5,"column":23},"end":{"line":5,"column":48}},"3":{"start":{"line":7,"column":4},"end":{"line":9,"column":5}},"4":{"start":{"line":8,"column":8},"end":{"line":8,"column":63}},"5":{"start":{"line":11,"column":18},"end":{"line":11,"column":42}},"6":{"start":{"line":13,"column":4},"end":{"line":30,"column":5}},"7":{"start":{"line":14,"column":29},"end":{"line":14,"column":68}},"8":{"start":{"line":15,"column":8},"end":{"line":15,"column":32}},"9":{"start":{"line":17,"column":34},"end":{"line":17,"column":84}},"10":{"start":{"line":19,"column":8},"end":{"line":24,"column":9}},"11":{"start":{"line":20,"column":12},"end":{"line":23,"column":15}},"12":{"start":{"line":26,"column":8},"end":{"line":26,"column":15}},"13":{"start":{"line":29,"column":8},"end":{"line":29,"column":75}},"14":{"start":{"line":33,"column":0},"end":{"line":33,"column":32}}},"fnMap":{"0":{"name":"authMiddleware","decl":{"start":{"line":4,"column":15},"end":{"line":4,"column":29}},"loc":{"start":{"line":4,"column":46},"end":{"line":31,"column":1}},"line":4}},"branchMap":{"0":{"loc":{"start":{"line":7,"column":4},"end":{"line":9,"column":5}},"type":"if","locations":[{"start":{"line":7,"column":4},"end":{"line":9,"column":5}},{"start":{},"end":{}}],"line":7},"1":{"loc":{"start":{"line":7,"column":8},"end":{"line":7,"column":56}},"type":"binary-expr","locations":[{"start":{"line":7,"column":8},"end":{"line":7,"column":19}},{"start":{"line":7,"column":23},"end":{"line":7,"column":56}}],"line":7},"2":{"loc":{"start":{"line":19,"column":8},"end":{"line":24,"column":9}},"type":"if","locations":[{"start":{"line":19,"column":8},"end":{"line":24,"column":9}},{"start":{},"end":{}}],"line":19}},"s":{"0":1,"1":1,"2":5,"3":5,"4":2,"5":3,"6":3,"7":3,"8":2,"9":2,"10":2,"11":1,"12":2,"13":1,"14":1},"f":{"0":5},"b":{"0":[2,3],"1":[5,4],"2":[1,1]},"_coverageSchema":"1a1c01bbd47fc00a2c39e90264f33305004495a9","hash":"bb852ac658e97c367fd5304617edcc248d8a34cb"}
,"C:\\Users\\apoor\\crypto-pulse\\crypto-backend\\src\\app.js": {"path":"C:\\Users\\apoor\\crypto-pulse\\crypto-backend\\src\\app.js","statementMap":{"0":{"start":{"line":1,"column":0},"end":{"line":1,"column":27}},"1":{"start":{"line":2,"column":24},"end":{"line":2,"column":53}},"2":{"start":{"line":4,"column":16},"end":{"line":4,"column":34}},"3":{"start":{"line":5,"column":13},"end":{"line":5,"column":28}},"4":{"start":{"line":7,"column":20},"end":{"line":7,"column":45}},"5":{"start":{"line":8,"column":19},"end":{"line":8,"column":43}},"6":{"start":{"line":10,"column":12},"end":{"line":10,"column":21}},"7":{"start":{"line":12,"column":0},"end":{"line":12,"column":16}},"8":{"start":{"line":13,"column":0},"end":{"line":13,"column":24}},"9":{"start":{"line":15,"column":0},"end":{"line":15,"column":35}},"10":{"start":{"line":16,"column":0},"end":{"line":16,"column":33}},"11":{"start":{"line":18,"column":0},"end":{"line":20,"column":3}},"12":{"start":{"line":19,"column":4},"end":{"line":19,"column":39}},"13":{"start":{"line":22,"column":0},"end":{"line":22,"column":43}},"14":{"start":{"line":24,"column":0},"end":{"line":24,"column":21}}},"fnMap":{"0":{"name":"(anonymous_0)","decl":{"start":{"line":18,"column":13},"end":{"line":18,"column":14}},"loc":{"start":{"line":18,"column":27},"end":{"line":20,"column":1}},"line":18}},"branchMap":{},"s":{"0":1,"1":1,"2":1,"3":1,"4":1,"5":1,"6":1,"7":1,"8":1,"9":1,"10":1,"11":1,"12":1,"13":1,"14":1},"f":{"0":1},"b":{},"_coverageSchema":"1a1c01bbd47fc00a2c39e90264f33305004495a9","hash":"1ff145a0352b4f414445b6419ea247eaa1923dbb"}
,"C:\\Users\\apoor\\crypto-pulse\\crypto-backend\\src\\index.js": {"path":"C:\\Users\\apoor\\crypto-pulse\\crypto-backend\\src\\index.js","statementMap":{"0":{"start":{"line":1,"column":12},"end":{"line":1,"column":28}},"1":{"start":{"line":2,"column":18},"end":{"line":2,"column":41}},"2":{"start":{"line":4,"column":13},"end":{"line":4,"column":37}},"3":{"start":{"line":6,"column":0},"end":{"line":6,"column":12}},"4":{"start":{"line":8,"column":0},"end":{"line":10,"column":3}},"5":{"start":{"line":9,"column":2},"end":{"line":9,"column":48}}},"fnMap":{"0":{"name":"(anonymous_0)","decl":{"start":{"line":8,"column":17},"end":{"line":8,"column":18}},"loc":{"start":{"line":8,"column":23},"end":{"line":10,"column":1}},"line":8}},"branchMap":{"0":{"loc":{"start":{"line":4,"column":13},"end":{"line":4,"column":37}},"type":"binary-expr","locations":[{"start":{"line":4,"column":13},"end":{"line":4,"column":29}},{"start":{"line":4,"column":33},"end":{"line":4,"column":37}}],"line":4}},"s":{"0":0,"1":0,"2":0,"3":0,"4":0,"5":0},"f":{"0":0},"b":{"0":[0,0]}}
,"C:\\Users\\apoor\\crypto-pulse\\crypto-backend\\src\\models\\Portfolio.js": {"path":"C:\\Users\\apoor\\crypto-pulse\\crypto-backend\\src\\models\\Portfolio.js","statementMap":{"0":{"start":{"line":1,"column":17},"end":{"line":1,"column":36}},"1":{"start":{"line":3,"column":22},"end":{"line":11,"column":1}},"2":{"start":{"line":13,"column":24},"end":{"line":19,"column":1}},"3":{"start":{"line":21,"column":0},"end":{"line":21,"column":62}}},"fnMap":{},"branchMap":{},"s":{"0":3,"1":3,"2":3,"3":3},"f":{},"b":{},"_coverageSchema":"1a1c01bbd47fc00a2c39e90264f33305004495a9","hash":"b2a3fc1d692dcb3c464b0764e82e6c6e2c738450"}
,"C:\\Users\\apoor\\crypto-pulse\\crypto-backend\\src\\routes\\coins.js": {"path":"C:\\Users\\apoor\\crypto-pulse\\crypto-backend\\src\\routes\\coins.js","statementMap":{"0":{"start":{"line":1,"column":16},"end":{"line":1,"column":34}},"1":{"start":{"line":2,"column":14},"end":{"line":2,"column":30}},"2":{"start":{"line":3,"column":23},"end":{"line":3,"column":65}},"3":{"start":{"line":5,"column":15},"end":{"line":5,"column":31}},"4":{"start":{"line":7,"column":17},"end":{"line":7,"column":21}},"5":{"start":{"line":8,"column":16},"end":{"line":8,"column":17}},"6":{"start":{"line":9,"column":23},"end":{"line":9,"column":32}},"7":{"start":{"line":13,"column":0},"end":{"line":39,"column":3}},"8":{"start":{"line":14,"column":4},"end":{"line":38,"column":5}},"9":{"start":{"line":15,"column":25},"end":{"line":30,"column":9}},"10":{"start":{"line":32,"column":8},"end":{"line":32,"column":32}},"11":{"start":{"line":34,"column":8},"end":{"line":37,"column":11}},"12":{"start":{"line":42,"column":0},"end":{"line":64,"column":3}},"13":{"start":{"line":43,"column":4},"end":{"line":63,"column":5}},"14":{"start":{"line":44,"column":23},"end":{"line":44,"column":33}},"15":{"start":{"line":46,"column":25},"end":{"line":55,"column":9}},"16":{"start":{"line":57,"column":8},"end":{"line":57,"column":32}},"17":{"start":{"line":59,"column":8},"end":{"line":62,"column":11}},"18":{"start":{"line":67,"column":0},"end":{"line":181,"column":3}},"19":{"start":{"line":68,"column":4},"end":{"line":180,"column":5}},"20":{"start":{"line":69,"column":23},"end":{"line":69,"column":48}},"21":{"start":{"line":70,"column":21},"end":{"line":70,"column":51}},"22":{"start":{"line":71,"column":22},"end":{"line":71,"column":47}},"23":{"start":{"line":73,"column":20},"end":{"line":73,"column":30}},"24":{"start":{"line":75,"column":8},"end":{"line":104,"column":9}},"25":{"start":{"line":76,"column":23},"end":{"line":76,"column":38}},"26":{"start":{"line":78,"column":12},"end":{"line":82,"column":13}},"27":{"start":{"line":79,"column":16},"end":{"line":81,"column":18}},"28":{"start":{"line":80,"column":20},"end":{"line":80,"column":70}},"29":{"start":{"line":84,"column":12},"end":{"line":88,"column":13}},"30":{"start":{"line":85,"column":16},"end":{"line":87,"column":18}},"31":{"start":{"line":86,"column":20},"end":{"line":86,"column":82}},"32":{"start":{"line":90,"column":12},"end":{"line":94,"column":13}},"33":{"start":{"line":91,"column":16},"end":{"line":93,"column":18}},"34":{"start":{"line":92,"column":20},"end":{"line":92,"column":60}},"35":{"start":{"line":96,"column":12},"end":{"line":101,"column":13}},"36":{"start":{"line":97,"column":16},"end":{"line":100,"column":19}},"37":{"start":{"line":98,"column":20},"end":{"line":98,"column":66}},"38":{"start":{"line":98,"column":41},"end":{"line":98,"column":66}},"39":{"start":{"line":99,"column":20},"end":{"line":99,"column":45}},"40":{"start":{"line":103,"column":12},"end":{"line":103,"column":34}},"41":{"start":{"line":106,"column":28},"end":{"line":121,"column":9}},"42":{"start":{"line":123,"column":20},"end":{"line":123,"column":66}},"43":{"start":{"line":123,"column":51},"end":{"line":123,"column":55}},"44":{"start":{"line":125,"column":24},"end":{"line":134,"column":9}},"45":{"start":{"line":136,"column":24},"end":{"line":136,"column":41}},"46":{"start":{"line":138,"column":21},"end":{"line":148,"column":11}},"47":{"start":{"line":138,"column":56},"end":{"line":148,"column":9}},"48":{"start":{"line":151,"column":8},"end":{"line":151,"column":33}},"49":{"start":{"line":152,"column":8},"end":{"line":152,"column":31}},"50":{"start":{"line":155,"column":8},"end":{"line":159,"column":9}},"51":{"start":{"line":156,"column":12},"end":{"line":158,"column":14}},"52":{"start":{"line":157,"column":16},"end":{"line":157,"column":66}},"53":{"start":{"line":161,"column":8},"end":{"line":165,"column":9}},"54":{"start":{"line":162,"column":12},"end":{"line":164,"column":14}},"55":{"start":{"line":163,"column":16},"end":{"line":163,"column":78}},"56":{"start":{"line":167,"column":8},"end":{"line":171,"column":9}},"57":{"start":{"line":168,"column":12},"end":{"line":170,"column":14}},"58":{"start":{"line":169,"column":16},"end":{"line":169,"column":56}},"59":{"start":{"line":173,"column":8},"end":{"line":173,"column":25}},"60":{"start":{"line":176,"column":8},"end":{"line":179,"column":11}},"61":{"start":{"line":184,"column":0},"end":{"line":236,"column":3}},"62":{"start":{"line":185,"column":2},"end":{"line":235,"column":3}},"63":{"start":{"line":186,"column":19},"end":{"line":186,"column":29}},"64":{"start":{"line":189,"column":20},"end":{"line":198,"column":5}},"65":{"start":{"line":201,"column":21},"end":{"line":210,"column":5}},"66":{"start":{"line":212,"column":17},"end":{"line":212,"column":38}},"67":{"start":{"line":213,"column":18},"end":{"line":213,"column":50}},"68":{"start":{"line":216,"column":4},"end":{"line":229,"column":7}},"69":{"start":{"line":231,"column":4},"end":{"line":234,"column":7}},"70":{"start":{"line":239,"column":0},"end":{"line":239,"column":24}}},"fnMap":{"0":{"name":"(anonymous_0)","decl":{"start":{"line":13,"column":28},"end":{"line":13,"column":29}},"loc":{"start":{"line":13,"column":48},"end":{"line":39,"column":1}},"line":13},"1":{"name":"(anonymous_1)","decl":{"start":{"line":42,"column":24},"end":{"line":42,"column":25}},"loc":{"start":{"line":42,"column":44},"end":{"line":64,"column":1}},"line":42},"2":{"name":"(anonymous_2)","decl":{"start":{"line":67,"column":51},"end":{"line":67,"column":52}},"loc":{"start":{"line":67,"column":71},"end":{"line":181,"column":1}},"line":67},"3":{"name":"(anonymous_3)","decl":{"start":{"line":79,"column":35},"end":{"line":79,"column":36}},"loc":{"start":{"line":80,"column":20},"end":{"line":80,"column":70}},"line":80},"4":{"name":"(anonymous_4)","decl":{"start":{"line":85,"column":35},"end":{"line":85,"column":36}},"loc":{"start":{"line":86,"column":20},"end":{"line":86,"column":82}},"line":86},"5":{"name":"(anonymous_5)","decl":{"start":{"line":91,"column":35},"end":{"line":91,"column":36}},"loc":{"start":{"line":92,"column":20},"end":{"line":92,"column":60}},"line":92},"6":{"name":"(anonymous_6)","decl":{"start":{"line":97,"column":26},"end":{"line":97,"column":27}},"loc":{"start":{"line":97,"column":36},"end":{"line":100,"column":17}},"line":97},"7":{"name":"(anonymous_7)","decl":{"start":{"line":123,"column":46},"end":{"line":123,"column":47}},"loc":{"start":{"line":123,"column":51},"end":{"line":123,"column":55}},"line":123},"8":{"name":"(anonymous_8)","decl":{"start":{"line":138,"column":47},"end":{"line":138,"column":48}},"loc":{"start":{"line":138,"column":56},"end":{"line":148,"column":9}},"line":138},"9":{"name":"(anonymous_9)","decl":{"start":{"line":156,"column":35},"end":{"line":156,"column":36}},"loc":{"start":{"line":157,"column":16},"end":{"line":157,"column":66}},"line":157},"10":{"name":"(anonymous_10)","decl":{"start":{"line":162,"column":35},"end":{"line":162,"column":36}},"loc":{"start":{"line":163,"column":16},"end":{"line":163,"column":78}},"line":163},"11":{"name":"(anonymous_11)","decl":{"start":{"line":168,"column":35},"end":{"line":168,"column":36}},"loc":{"start":{"line":169,"column":16},"end":{"line":169,"column":56}},"line":169},"12":{"name":"(anonymous_12)","decl":{"start":{"line":184,"column":27},"end":{"line":184,"column":28}},"loc":{"start":{"line":184,"column":47},"end":{"line":236,"column":1}},"line":184}},"branchMap":{"0":{"loc":{"start":{"line":69,"column":23},"end":{"line":69,"column":48}},"type":"binary-expr","locations":[{"start":{"line":69,"column":23},"end":{"line":69,"column":39}},{"start":{"line":69,"column":43},"end":{"line":69,"column":48}}],"line":69},"1":{"loc":{"start":{"line":70,"column":21},"end":{"line":70,"column":51}},"type":"binary-expr","locations":[{"start":{"line":70,"column":21},"end":{"line":70,"column":35}},{"start":{"line":70,"column":39},"end":{"line":70,"column":51}}],"line":70},"2":{"loc":{"start":{"line":71,"column":22},"end":{"line":71,"column":47}},"type":"binary-expr","locations":[{"start":{"line":71,"column":22},"end":{"line":71,"column":37}},{"start":{"line":71,"column":41},"end":{"line":71,"column":47}}],"line":71},"3":{"loc":{"start":{"line":75,"column":8},"end":{"line":104,"column":9}},"type":"if","locations":[{"start":{"line":75,"column":8},"end":{"line":104,"column":9}},{"start":{},"end":{}}],"line":75},"4":{"loc":{"start":{"line":75,"column":12},"end":{"line":75,"column":58}},"type":"binary-expr","locations":[{"start":{"line":75,"column":12},"end":{"line":75,"column":22}},{"start":{"line":75,"column":26},"end":{"line":75,"column":58}}],"line":75},"5":{"loc":{"start":{"line":78,"column":12},"end":{"line":82,"column":13}},"type":"if","locations":[{"start":{"line":78,"column":12},"end":{"line":82,"column":13}},{"start":{},"end":{}}],"line":78},"6":{"loc":{"start":{"line":84,"column":12},"end":{"line":88,"column":13}},"type":"if","locations":[{"start":{"line":84,"column":12},"end":{"line":88,"column":13}},{"start":{},"end":{}}],"line":84},"7":{"loc":{"start":{"line":90,"column":12},"end":{"line":94,"column":13}},"type":"if","locations":[{"start":{"line":90,"column":12},"end":{"line":94,"column":13}},{"start":{},"end":{}}],"line":90},"8":{"loc":{"start":{"line":92,"column":20},"end":{"line":92,"column":60}},"type":"binary-expr","locations":[{"start":{"line":92,"column":20},"end":{"line":92,"column":38}},{"start":{"line":92,"column":42},"end":{"line":92,"column":60}}],"line":92},"9":{"loc":{"start":{"line":96,"column":12},"end":{"line":101,"column":13}},"type":"if","locations":[{"start":{"line":96,"column":12},"end":{"line":101,"column":13}},{"start":{},"end":{}}],"line":96},"10":{"loc":{"start":{"line":96,"column":16},"end":{"line":96,"column":39}},"type":"binary-expr","locations":[{"start":{"line":96,"column":16},"end":{"line":96,"column":20}},{"start":{"line":96,"column":24},"end":{"line":96,"column":39}}],"line":96},"11":{"loc":{"start":{"line":98,"column":20},"end":{"line":98,"column":66}},"type":"if","locations":[{"start":{"line":98,"column":20},"end":{"line":98,"column":66}},{"start":{},"end":{}}],"line":98},"12":{"loc":{"start":{"line":146,"column":18},"end":{"line":146,"column":48}},"type":"binary-expr","locations":[{"start":{"line":146,"column":18},"end":{"line":146,"column":40}},{"start":{"line":146,"column":44},"end":{"line":146,"column":48}}],"line":146},"13":{"loc":{"start":{"line":147,"column":18},"end":{"line":147,"column":33}},"type":"binary-expr","locations":[{"start":{"line":147,"column":18},"end":{"line":147,"column":27}},{"start":{"line":147,"column":31},"end":{"line":147,"column":33}}],"line":147},"14":{"loc":{"start":{"line":155,"column":8},"end":{"line":159,"column":9}},"type":"if","locations":[{"start":{"line":155,"column":8},"end":{"line":159,"column":9}},{"start":{},"end":{}}],"line":155},"15":{"loc":{"start":{"line":161,"column":8},"end":{"line":165,"column":9}},"type":"if","locations":[{"start":{"line":161,"column":8},"end":{"line":165,"column":9}},{"start":{},"end":{}}],"line":161},"16":{"loc":{"start":{"line":167,"column":8},"end":{"line":171,"column":9}},"type":"if","locations":[{"start":{"line":167,"column":8},"end":{"line":171,"column":9}},{"start":{},"end":{}}],"line":167},"17":{"loc":{"start":{"line":169,"column":16},"end":{"line":169,"column":56}},"type":"binary-expr","locations":[{"start":{"line":169,"column":16},"end":{"line":169,"column":34}},{"start":{"line":169,"column":38},"end":{"line":169,"column":56}}],"line":169},"18":{"loc":{"start":{"line":222,"column":15},"end":{"line":222,"column":44}},"type":"binary-expr","locations":[{"start":{"line":222,"column":15},"end":{"line":222,"column":38}},{"start":{"line":222,"column":42},"end":{"line":222,"column":44}}],"line":222}},"s":{"0":2,"1":2,"2":2,"3":2,"4":2,"5":2,"6":2,"7":2,"8":2,"9":2,"10":1,"11":1,"12":2,"13":1,"14":1,"15":1,"16":1,"17":0,"18":2,"19":7,"20":7,"21":7,"22":7,"23":7,"24":7,"25":5,"26":5,"27":1,"28":2,"29":5,"30":1,"31":2,"32":5,"33":1,"34":2,"35":5,"36":5,"37":3,"38":1,"39":2,"40":5,"41":2,"42":1,"43":2,"44":1,"45":1,"46":1,"47":2,"48":1,"49":1,"50":1,"51":0,"52":0,"53":1,"54":0,"55":0,"56":1,"57":0,"58":0,"59":1,"60":1,"61":2,"62":2,"63":2,"64":2,"65":1,"66":1,"67":1,"68":1,"69":1,"70":2},"f":{"0":2,"1":1,"2":7,"3":2,"4":2,"5":2,"6":3,"7":2,"8":2,"9":0,"10":0,"11":0,"12":2},"b":{"0":[7,4],"1":[7,6],"2":[7,6],"3":[5,2],"4":[7,6],"5":[1,4],"6":[1,4],"7":[1,4],"8":[2,1],"9":[5,0],"10":[5,5],"11":[1,2],"12":[2,0],"13":[2,2],"14":[0,1],"15":[0,1],"16":[0,1],"17":[0,0],"18":[1,0]},"_coverageSchema":"1a1c01bbd47fc00a2c39e90264f33305004495a9","hash":"7fbe1c520a96e30ce3a60cf5be1262b66dd7a0d5"}
,"C:\\Users\\apoor\\crypto-pulse\\crypto-backend\\src\\routes\\news.js": {"path":"C:\\Users\\apoor\\crypto-pulse\\crypto-backend\\src\\routes\\news.js","statementMap":{"0":{"start":{"line":1,"column":16},"end":{"line":1,"column":34}},"1":{"start":{"line":2,"column":14},"end":{"line":2,"column":30}},"2":{"start":{"line":3,"column":15},"end":{"line":3,"column":31}},"3":{"start":{"line":13,"column":0},"end":{"line":65,"column":3}},"4":{"start":{"line":14,"column":4},"end":{"line":64,"column":5}},"5":{"start":{"line":15,"column":43},"end":{"line":15,"column":52}},"6":{"start":{"line":16,"column":31},"end":{"line":16,"column":33}},"7":{"start":{"line":18,"column":8},"end":{"line":20,"column":9}},"8":{"start":{"line":19,"column":12},"end":{"line":19,"column":101}},"9":{"start":{"line":19,"column":59},"end":{"line":19,"column":89}},"10":{"start":{"line":22,"column":23},"end":{"line":27,"column":9}},"11":{"start":{"line":29,"column":8},"end":{"line":33,"column":9}},"12":{"start":{"line":30,"column":12},"end":{"line":30,"column":46}},"13":{"start":{"line":32,"column":12},"end":{"line":32,"column":55}},"14":{"start":{"line":35,"column":25},"end":{"line":35,"column":93}},"15":{"start":{"line":37,"column":8},"end":{"line":39,"column":9}},"16":{"start":{"line":38,"column":12},"end":{"line":38,"column":32}},"17":{"start":{"line":41,"column":21},"end":{"line":55,"column":10}},"18":{"start":{"line":42,"column":28},"end":{"line":42,"column":29}},"19":{"start":{"line":43,"column":12},"end":{"line":45,"column":13}},"20":{"start":{"line":44,"column":16},"end":{"line":44,"column":64}},"21":{"start":{"line":47,"column":12},"end":{"line":54,"column":14}},"22":{"start":{"line":57,"column":8},"end":{"line":57,"column":23}},"23":{"start":{"line":59,"column":8},"end":{"line":59,"column":81}},"24":{"start":{"line":60,"column":8},"end":{"line":63,"column":11}},"25":{"start":{"line":67,"column":0},"end":{"line":67,"column":24}}},"fnMap":{"0":{"name":"(anonymous_0)","decl":{"start":{"line":13,"column":16},"end":{"line":13,"column":17}},"loc":{"start":{"line":13,"column":36},"end":{"line":65,"column":1}},"line":13},"1":{"name":"(anonymous_1)","decl":{"start":{"line":19,"column":54},"end":{"line":19,"column":55}},"loc":{"start":{"line":19,"column":59},"end":{"line":19,"column":89}},"line":19},"2":{"name":"(anonymous_2)","decl":{"start":{"line":41,"column":44},"end":{"line":41,"column":45}},"loc":{"start":{"line":41,"column":55},"end":{"line":55,"column":9}},"line":41}},"branchMap":{"0":{"loc":{"start":{"line":18,"column":8},"end":{"line":20,"column":9}},"type":"if","locations":[{"start":{"line":18,"column":8},"end":{"line":20,"column":9}},{"start":{},"end":{}}],"line":18},"1":{"loc":{"start":{"line":24,"column":19},"end":{"line":24,"column":30}},"type":"binary-expr","locations":[{"start":{"line":24,"column":19},"end":{"line":24,"column":24}},{"start":{"line":24,"column":28},"end":{"line":24,"column":30}}],"line":24},"2":{"loc":{"start":{"line":29,"column":8},"end":{"line":33,"column":9}},"type":"if","locations":[{"start":{"line":29,"column":8},"end":{"line":33,"column":9}},{"start":{"line":31,"column":15},"end":{"line":33,"column":9}}],"line":29},"3":{"loc":{"start":{"line":32,"column":28},"end":{"line":32,"column":54}},"type":"binary-expr","locations":[{"start":{"line":32,"column":28},"end":{"line":32,"column":34}},{"start":{"line":32,"column":38},"end":{"line":32,"column":54}}],"line":32},"4":{"loc":{"start":{"line":37,"column":8},"end":{"line":39,"column":9}},"type":"if","locations":[{"start":{"line":37,"column":8},"end":{"line":39,"column":9}},{"start":{},"end":{}}],"line":37},"5":{"loc":{"start":{"line":37,"column":12},"end":{"line":37,"column":49}},"type":"binary-expr","locations":[{"start":{"line":37,"column":12},"end":{"line":37,"column":26}},{"start":{"line":37,"column":30},"end":{"line":37,"column":49}}],"line":37},"6":{"loc":{"start":{"line":43,"column":12},"end":{"line":45,"column":13}},"type":"if","locations":[{"start":{"line":43,"column":12},"end":{"line":45,"column":13}},{"start":{},"end":{}}],"line":43},"7":{"loc":{"start":{"line":43,"column":16},"end":{"line":43,"column":63}},"type":"binary-expr","locations":[{"start":{"line":43,"column":16},"end":{"line":43,"column":32}},{"start":{"line":43,"column":36},"end":{"line":43,"column":63}}],"line":43},"8":{"loc":{"start":{"line":59,"column":46},"end":{"line":59,"column":79}},"type":"binary-expr","locations":[{"start":{"line":59,"column":46},"end":{"line":59,"column":64}},{"start":{"line":59,"column":68},"end":{"line":59,"column":79}}],"line":59}},"s":{"0":2,"1":2,"2":2,"3":2,"4":4,"5":4,"6":4,"7":4,"8":1,"9":2,"10":4,"11":4,"12":1,"13":3,"14":4,"15":3,"16":1,"17":2,"18":1,"19":1,"20":1,"21":1,"22":2,"23":1,"24":1,"25":2},"f":{"0":4,"1":2,"2":1},"b":{"0":[1,3],"1":[4,4],"2":[1,3],"3":[3,3],"4":[1,2],"5":[3,3],"6":[1,0],"7":[1,1],"8":[1,1]},"_coverageSchema":"1a1c01bbd47fc00a2c39e90264f33305004495a9","hash":"98200bbe11ca92cdb149eab35914c9c8dfd62f23"}
,"C:\\Users\\apoor\\crypto-pulse\\crypto-backend\\src\\routes\\portfolio.js": {"path":"C:\\Users\\apoor\\crypto-pulse\\crypto-backend\\src\\routes\\portfolio.js","statementMap":{"0":{"start":{"line":1,"column":16},"end":{"line":1,"column":34}},"1":{"start":{"line":2,"column":15},"end":{"line":2,"column":31}},"2":{"start":{"line":4,"column":23},"end":{"line":4,"column":65}},"3":{"start":{"line":5,"column":18},"end":{"line":5,"column":48}},"4":{"start":{"line":8,"column":0},"end":{"line":18,"column":3}},"5":{"start":{"line":9,"column":2},"end":{"line":17,"column":3}},"6":{"start":{"line":10,"column":22},"end":{"line":10,"column":68}},"7":{"start":{"line":11,"column":4},"end":{"line":13,"column":5}},"8":{"start":{"line":12,"column":6},"end":{"line":12,"column":70}},"9":{"start":{"line":14,"column":4},"end":{"line":14,"column":24}},"10":{"start":{"line":16,"column":4},"end":{"line":16,"column":67}},"11":{"start":{"line":21,"column":0},"end":{"line":66,"column":3}},"12":{"start":{"line":22,"column":46},"end":{"line":22,"column":54}},"13":{"start":{"line":24,"column":2},"end":{"line":26,"column":3}},"14":{"start":{"line":25,"column":4},"end":{"line":25,"column":72}},"15":{"start":{"line":28,"column":2},"end":{"line":65,"column":3}},"16":{"start":{"line":29,"column":4},"end":{"line":29,"column":31}},"17":{"start":{"line":30,"column":4},"end":{"line":30,"column":35}},"18":{"start":{"line":31,"column":4},"end":{"line":31,"column":35}},"19":{"start":{"line":33,"column":22},"end":{"line":33,"column":68}},"20":{"start":{"line":34,"column":4},"end":{"line":36,"column":5}},"21":{"start":{"line":35,"column":6},"end":{"line":35,"column":70}},"22":{"start":{"line":38,"column":25},"end":{"line":40,"column":5}},"23":{"start":{"line":39,"column":13},"end":{"line":39,"column":32}},"24":{"start":{"line":42,"column":4},"end":{"line":58,"column":5}},"25":{"start":{"line":44,"column":8},"end":{"line":45,"column":24}},"26":{"start":{"line":47,"column":23},"end":{"line":47,"column":55}},"27":{"start":{"line":49,"column":6},"end":{"line":49,"column":54}},"28":{"start":{"line":50,"column":6},"end":{"line":50,"column":39}},"29":{"start":{"line":52,"column":6},"end":{"line":57,"column":9}},"30":{"start":{"line":60,"column":4},"end":{"line":60,"column":27}},"31":{"start":{"line":61,"column":4},"end":{"line":61,"column":24}},"32":{"start":{"line":63,"column":4},"end":{"line":63,"column":23}},"33":{"start":{"line":64,"column":4},"end":{"line":64,"column":60}},"34":{"start":{"line":69,"column":0},"end":{"line":107,"column":3}},"35":{"start":{"line":70,"column":31},"end":{"line":70,"column":39}},"36":{"start":{"line":72,"column":2},"end":{"line":74,"column":3}},"37":{"start":{"line":73,"column":4},"end":{"line":73,"column":72}},"38":{"start":{"line":76,"column":2},"end":{"line":106,"column":3}},"39":{"start":{"line":77,"column":22},"end":{"line":77,"column":68}},"40":{"start":{"line":78,"column":4},"end":{"line":80,"column":5}},"41":{"start":{"line":79,"column":6},"end":{"line":79,"column":70}},"42":{"start":{"line":82,"column":25},"end":{"line":84,"column":5}},"43":{"start":{"line":83,"column":13},"end":{"line":83,"column":32}},"44":{"start":{"line":86,"column":4},"end":{"line":88,"column":5}},"45":{"start":{"line":87,"column":6},"end":{"line":87,"column":78}},"46":{"start":{"line":90,"column":4},"end":{"line":92,"column":5}},"47":{"start":{"line":91,"column":6},"end":{"line":91,"column":72}},"48":{"start":{"line":94,"column":4},"end":{"line":94,"column":38}},"49":{"start":{"line":96,"column":4},"end":{"line":100,"column":5}},"50":{"start":{"line":97,"column":6},"end":{"line":99,"column":8}},"51":{"start":{"line":98,"column":15},"end":{"line":98,"column":34}},"52":{"start":{"line":102,"column":4},"end":{"line":102,"column":27}},"53":{"start":{"line":103,"column":4},"end":{"line":103,"column":24}},"54":{"start":{"line":105,"column":4},"end":{"line":105,"column":61}},"55":{"start":{"line":110,"column":0},"end":{"line":128,"column":3}},"56":{"start":{"line":111,"column":21},"end":{"line":111,"column":31}},"57":{"start":{"line":113,"column":2},"end":{"line":127,"column":3}},"58":{"start":{"line":114,"column":22},"end":{"line":114,"column":68}},"59":{"start":{"line":115,"column":4},"end":{"line":117,"column":5}},"60":{"start":{"line":116,"column":6},"end":{"line":116,"column":70}},"61":{"start":{"line":119,"column":4},"end":{"line":121,"column":6}},"62":{"start":{"line":120,"column":13},"end":{"line":120,"column":32}},"63":{"start":{"line":123,"column":4},"end":{"line":123,"column":27}},"64":{"start":{"line":124,"column":4},"end":{"line":124,"column":24}},"65":{"start":{"line":126,"column":4},"end":{"line":126,"column":63}},"66":{"start":{"line":131,"column":0},"end":{"line":144,"column":3}},"67":{"start":{"line":132,"column":2},"end":{"line":143,"column":3}},"68":{"start":{"line":133,"column":22},"end":{"line":133,"column":68}},"69":{"start":{"line":134,"column":4},"end":{"line":136,"column":5}},"70":{"start":{"line":135,"column":6},"end":{"line":135,"column":70}},"71":{"start":{"line":138,"column":4},"end":{"line":138,"column":28}},"72":{"start":{"line":139,"column":4},"end":{"line":139,"column":27}},"73":{"start":{"line":140,"column":4},"end":{"line":140,"column":24}},"74":{"start":{"line":142,"column":4},"end":{"line":142,"column":67}},"75":{"start":{"line":146,"column":0},"end":{"line":146,"column":24}}},"fnMap":{"0":{"name":"(anonymous_0)","decl":{"start":{"line":8,"column":32},"end":{"line":8,"column":33}},"loc":{"start":{"line":8,"column":52},"end":{"line":18,"column":1}},"line":8},"1":{"name":"(anonymous_1)","decl":{"start":{"line":21,"column":36},"end":{"line":21,"column":37}},"loc":{"start":{"line":21,"column":56},"end":{"line":66,"column":1}},"line":21},"2":{"name":"(anonymous_2)","decl":{"start":{"line":39,"column":6},"end":{"line":39,"column":7}},"loc":{"start":{"line":39,"column":13},"end":{"line":39,"column":32}},"line":39},"3":{"name":"(anonymous_3)","decl":{"start":{"line":69,"column":37},"end":{"line":69,"column":38}},"loc":{"start":{"line":69,"column":57},"end":{"line":107,"column":1}},"line":69},"4":{"name":"(anonymous_4)","decl":{"start":{"line":83,"column":6},"end":{"line":83,"column":7}},"loc":{"start":{"line":83,"column":13},"end":{"line":83,"column":32}},"line":83},"5":{"name":"(anonymous_5)","decl":{"start":{"line":98,"column":8},"end":{"line":98,"column":9}},"loc":{"start":{"line":98,"column":15},"end":{"line":98,"column":34}},"line":98},"6":{"name":"(anonymous_6)","decl":{"start":{"line":110,"column":49},"end":{"line":110,"column":50}},"loc":{"start":{"line":110,"column":69},"end":{"line":128,"column":1}},"line":110},"7":{"name":"(anonymous_7)","decl":{"start":{"line":120,"column":6},"end":{"line":120,"column":7}},"loc":{"start":{"line":120,"column":13},"end":{"line":120,"column":32}},"line":120},"8":{"name":"(anonymous_8)","decl":{"start":{"line":131,"column":40},"end":{"line":131,"column":41}},"loc":{"start":{"line":131,"column":60},"end":{"line":144,"column":1}},"line":131}},"branchMap":{"0":{"loc":{"start":{"line":11,"column":4},"end":{"line":13,"column":5}},"type":"if","locations":[{"start":{"line":11,"column":4},"end":{"line":13,"column":5}},{"start":{},"end":{}}],"line":11},"1":{"loc":{"start":{"line":24,"column":2},"end":{"line":26,"column":3}},"type":"if","locations":[{"start":{"line":24,"column":2},"end":{"line":26,"column":3}},{"start":{},"end":{}}],"line":24},"2":{"loc":{"start":{"line":24,"column":6},"end":{"line":24,"column":47}},"type":"binary-expr","locations":[{"start":{"line":24,"column":6},"end":{"line":24,"column":13}},{"start":{"line":24,"column":17},"end":{"line":24,"column":24}},{"start":{"line":24,"column":28},"end":{"line":24,"column":37}},{"start":{"line":24,"column":41},"end":{"line":24,"column":47}}],"line":24},"3":{"loc":{"start":{"line":34,"column":4},"end":{"line":36,"column":5}},"type":"if","locations":[{"start":{"line":34,"column":4},"end":{"line":36,"column":5}},{"start":{},"end":{}}],"line":34},"4":{"loc":{"start":{"line":42,"column":4},"end":{"line":58,"column":5}},"type":"if","locations":[{"start":{"line":42,"column":4},"end":{"line":58,"column":5}},{"start":{"line":51,"column":11},"end":{"line":58,"column":5}}],"line":42},"5":{"loc":{"start":{"line":72,"column":2},"end":{"line":74,"column":3}},"type":"if","locations":[{"start":{"line":72,"column":2},"end":{"line":74,"column":3}},{"start":{},"end":{}}],"line":72},"6":{"loc":{"start":{"line":72,"column":6},"end":{"line":72,"column":26}},"type":"binary-expr","locations":[{"start":{"line":72,"column":6},"end":{"line":72,"column":13}},{"start":{"line":72,"column":17},"end":{"line":72,"column":26}}],"line":72},"7":{"loc":{"start":{"line":78,"column":4},"end":{"line":80,"column":5}},"type":"if","locations":[{"start":{"line":78,"column":4},"end":{"line":80,"column":5}},{"start":{},"end":{}}],"line":78},"8":{"loc":{"start":{"line":86,"column":4},"end":{"line":88,"column":5}},"type":"if","locations":[{"start":{"line":86,"column":4},"end":{"line":88,"column":5}},{"start":{},"end":{}}],"line":86},"9":{"loc":{"start":{"line":90,"column":4},"end":{"line":92,"column":5}},"type":"if","locations":[{"start":{"line":90,"column":4},"end":{"line":92,"column":5}},{"start":{},"end":{}}],"line":90},"10":{"loc":{"start":{"line":96,"column":4},"end":{"line":100,"column":5}},"type":"if","locations":[{"start":{"line":96,"column":4},"end":{"line":100,"column":5}},{"start":{},"end":{}}],"line":96},"11":{"loc":{"start":{"line":115,"column":4},"end":{"line":117,"column":5}},"type":"if","locations":[{"start":{"line":115,"column":4},"end":{"line":117,"column":5}},{"start":{},"end":{}}],"line":115},"12":{"loc":{"start":{"line":134,"column":4},"end":{"line":136,"column":5}},"type":"if","locations":[{"start":{"line":134,"column":4},"end":{"line":136,"column":5}},{"start":{},"end":{}}],"line":134}},"s":{"0":2,"1":2,"2":2,"3":2,"4":2,"5":3,"6":3,"7":2,"8":1,"9":1,"10":1,"11":2,"12":4,"13":4,"14":1,"15":3,"16":3,"17":3,"18":3,"19":3,"20":3,"21":1,"22":2,"23":1,"24":2,"25":1,"26":1,"27":1,"28":1,"29":1,"30":2,"31":2,"32":0,"33":0,"34":2,"35":6,"36":6,"37":1,"38":5,"39":5,"40":5,"41":1,"42":4,"43":3,"44":4,"45":1,"46":3,"47":1,"48":2,"49":2,"50":1,"51":1,"52":2,"53":2,"54":0,"55":2,"56":2,"57":2,"58":2,"59":2,"60":1,"61":1,"62":1,"63":1,"64":1,"65":0,"66":2,"67":2,"68":2,"69":2,"70":1,"71":1,"72":1,"73":1,"74":0,"75":2},"f":{"0":3,"1":4,"2":1,"3":6,"4":3,"5":1,"6":2,"7":1,"8":2},"b":{"0":[1,1],"1":[1,3],"2":[4,4,3,3],"3":[1,2],"4":[1,1],"5":[1,5],"6":[6,6],"7":[1,4],"8":[1,3],"9":[1,2],"10":[1,1],"11":[1,1],"12":[1,1]},"_coverageSchema":"1a1c01bbd47fc00a2c39e90264f33305004495a9","hash":"53513d28c8467b016e4d727dbf7d45b125273ca7"}
}
