TN:
SF:config\db.js
FN:3,connectDB
FNF:1
FNH:1
FNDA:2,connectDB
DA:1,1
DA:4,2
DA:5,2
DA:6,1
DA:8,1
DA:9,1
DA:13,1
LF:7
LH:7
BRF:0
BRH:0
end_of_record
TN:
SF:config\firebaseAdmin.js
FNF:0
FNH:0
DA:1,1
DA:2,1
DA:4,1
DA:9,1
DA:10,1
DA:15,1
LF:6
LH:6
BRDA:9,0,0,1
BRDA:9,0,1,0
BRF:2
BRH:1
end_of_record
TN:
SF:middleware\authMiddleware.js
FN:4,authMiddleware
FNF:1
FNH:1
FNDA:5,authMiddleware
DA:1,1
DA:2,1
DA:5,5
DA:7,5
DA:8,2
DA:11,3
DA:13,3
DA:14,3
DA:15,2
DA:17,2
DA:19,2
DA:20,1
DA:26,2
DA:29,1
DA:33,1
LF:15
LH:15
BRDA:7,0,0,2
BRDA:7,0,1,3
BRDA:7,1,0,5
BRDA:7,1,1,4
BRDA:19,2,0,1
BRDA:19,2,1,1
BRF:6
BRH:6
end_of_record
TN:
SF:src\app.js
FN:18,(anonymous_0)
FNF:1
FNH:1
FNDA:1,(anonymous_0)
DA:1,1
DA:2,1
DA:4,1
DA:5,1
DA:7,1
DA:8,1
DA:10,1
DA:12,1
DA:13,1
DA:15,1
DA:16,1
DA:18,1
DA:19,1
DA:22,1
DA:24,1
LF:15
LH:15
BRF:0
BRH:0
end_of_record
TN:
SF:src\index.js
FN:8,(anonymous_0)
FNF:1
FNH:0
FNDA:0,(anonymous_0)
DA:1,0
DA:2,0
DA:4,0
DA:6,0
DA:8,0
DA:9,0
LF:6
LH:0
BRDA:4,0,0,0
BRDA:4,0,1,0
BRF:2
BRH:0
end_of_record
TN:
SF:src\models\Portfolio.js
FNF:0
FNH:0
DA:1,3
DA:3,3
DA:13,3
DA:21,3
LF:4
LH:4
BRF:0
BRH:0
end_of_record
TN:
SF:src\routes\coins.js
FN:13,(anonymous_0)
FN:42,(anonymous_1)
FN:67,(anonymous_2)
FN:79,(anonymous_3)
FN:85,(anonymous_4)
FN:91,(anonymous_5)
FN:97,(anonymous_6)
FN:123,(anonymous_7)
FN:138,(anonymous_8)
FN:156,(anonymous_9)
FN:162,(anonymous_10)
FN:168,(anonymous_11)
FN:184,(anonymous_12)
FNF:13
FNH:10
FNDA:2,(anonymous_0)
FNDA:1,(anonymous_1)
FNDA:7,(anonymous_2)
FNDA:2,(anonymous_3)
FNDA:2,(anonymous_4)
FNDA:2,(anonymous_5)
FNDA:3,(anonymous_6)
FNDA:2,(anonymous_7)
FNDA:2,(anonymous_8)
FNDA:0,(anonymous_9)
FNDA:0,(anonymous_10)
FNDA:0,(anonymous_11)
FNDA:2,(anonymous_12)
DA:1,2
DA:2,2
DA:3,2
DA:5,2
DA:7,2
DA:8,2
DA:9,2
DA:13,2
DA:14,2
DA:15,2
DA:32,1
DA:34,1
DA:42,2
DA:43,1
DA:44,1
DA:46,1
DA:57,1
DA:59,0
DA:67,2
DA:68,7
DA:69,7
DA:70,7
DA:71,7
DA:73,7
DA:75,7
DA:76,5
DA:78,5
DA:79,1
DA:80,2
DA:84,5
DA:85,1
DA:86,2
DA:90,5
DA:91,1
DA:92,2
DA:96,5
DA:97,5
DA:98,3
DA:99,2
DA:103,5
DA:106,2
DA:123,2
DA:125,1
DA:136,1
DA:138,2
DA:151,1
DA:152,1
DA:155,1
DA:156,0
DA:157,0
DA:161,1
DA:162,0
DA:163,0
DA:167,1
DA:168,0
DA:169,0
DA:173,1
DA:176,1
DA:184,2
DA:185,2
DA:186,2
DA:189,2
DA:201,1
DA:212,1
DA:213,1
DA:216,1
DA:231,1
DA:239,2
LF:68
LH:61
BRDA:69,0,0,7
BRDA:69,0,1,4
BRDA:70,1,0,7
BRDA:70,1,1,6
BRDA:71,2,0,7
BRDA:71,2,1,6
BRDA:75,3,0,5
BRDA:75,3,1,2
BRDA:75,4,0,7
BRDA:75,4,1,6
BRDA:78,5,0,1
BRDA:78,5,1,4
BRDA:84,6,0,1
BRDA:84,6,1,4
BRDA:90,7,0,1
BRDA:90,7,1,4
BRDA:92,8,0,2
BRDA:92,8,1,1
BRDA:96,9,0,5
BRDA:96,9,1,0
BRDA:96,10,0,5
BRDA:96,10,1,5
BRDA:98,11,0,1
BRDA:98,11,1,2
BRDA:146,12,0,2
BRDA:146,12,1,0
BRDA:147,13,0,2
BRDA:147,13,1,2
BRDA:155,14,0,0
BRDA:155,14,1,1
BRDA:161,15,0,0
BRDA:161,15,1,1
BRDA:167,16,0,0
BRDA:167,16,1,1
BRDA:169,17,0,0
BRDA:169,17,1,0
BRDA:222,18,0,1
BRDA:222,18,1,0
BRF:38
BRH:30
end_of_record
TN:
SF:src\routes\news.js
FN:13,(anonymous_0)
FN:19,(anonymous_1)
FN:41,(anonymous_2)
FNF:3
FNH:3
FNDA:4,(anonymous_0)
FNDA:2,(anonymous_1)
FNDA:1,(anonymous_2)
DA:1,2
DA:2,2
DA:3,2
DA:13,2
DA:14,4
DA:15,4
DA:16,4
DA:18,4
DA:19,2
DA:22,4
DA:29,4
DA:30,1
DA:32,3
DA:35,4
DA:37,3
DA:38,1
DA:41,2
DA:42,1
DA:43,1
DA:44,1
DA:47,1
DA:57,2
DA:59,1
DA:60,1
DA:67,2
LF:25
LH:25
BRDA:18,0,0,1
BRDA:18,0,1,3
BRDA:24,1,0,4
BRDA:24,1,1,4
BRDA:29,2,0,1
BRDA:29,2,1,3
BRDA:32,3,0,3
BRDA:32,3,1,3
BRDA:37,4,0,1
BRDA:37,4,1,2
BRDA:37,5,0,3
BRDA:37,5,1,3
BRDA:43,6,0,1
BRDA:43,6,1,0
BRDA:43,7,0,1
BRDA:43,7,1,1
BRDA:59,8,0,1
BRDA:59,8,1,1
BRF:18
BRH:17
end_of_record
TN:
SF:src\routes\portfolio.js
FN:8,(anonymous_0)
FN:21,(anonymous_1)
FN:39,(anonymous_2)
FN:69,(anonymous_3)
FN:83,(anonymous_4)
FN:98,(anonymous_5)
FN:110,(anonymous_6)
FN:120,(anonymous_7)
FN:131,(anonymous_8)
FNF:9
FNH:9
FNDA:3,(anonymous_0)
FNDA:4,(anonymous_1)
FNDA:1,(anonymous_2)
FNDA:6,(anonymous_3)
FNDA:3,(anonymous_4)
FNDA:1,(anonymous_5)
FNDA:2,(anonymous_6)
FNDA:1,(anonymous_7)
FNDA:2,(anonymous_8)
DA:1,2
DA:2,2
DA:4,2
DA:5,2
DA:8,2
DA:9,3
DA:10,3
DA:11,2
DA:12,1
DA:14,1
DA:16,1
DA:21,2
DA:22,4
DA:24,4
DA:25,1
DA:28,3
DA:29,3
DA:30,3
DA:31,3
DA:33,3
DA:34,3
DA:35,1
DA:38,2
DA:39,1
DA:42,2
DA:44,1
DA:47,1
DA:49,1
DA:50,1
DA:52,1
DA:60,2
DA:61,2
DA:63,0
DA:64,0
DA:69,2
DA:70,6
DA:72,6
DA:73,1
DA:76,5
DA:77,5
DA:78,5
DA:79,1
DA:82,4
DA:83,3
DA:86,4
DA:87,1
DA:90,3
DA:91,1
DA:94,2
DA:96,2
DA:97,1
DA:98,1
DA:102,2
DA:103,2
DA:105,0
DA:110,2
DA:111,2
DA:113,2
DA:114,2
DA:115,2
DA:116,1
DA:119,1
DA:120,1
DA:123,1
DA:124,1
DA:126,0
DA:131,2
DA:132,2
DA:133,2
DA:134,2
DA:135,1
DA:138,1
DA:139,1
DA:140,1
DA:142,0
DA:146,2
LF:76
LH:71
BRDA:11,0,0,1
BRDA:11,0,1,1
BRDA:24,1,0,1
BRDA:24,1,1,3
BRDA:24,2,0,4
BRDA:24,2,1,4
BRDA:24,2,2,3
BRDA:24,2,3,3
BRDA:34,3,0,1
BRDA:34,3,1,2
BRDA:42,4,0,1
BRDA:42,4,1,1
BRDA:72,5,0,1
BRDA:72,5,1,5
BRDA:72,6,0,6
BRDA:72,6,1,6
BRDA:78,7,0,1
BRDA:78,7,1,4
BRDA:86,8,0,1
BRDA:86,8,1,3
BRDA:90,9,0,1
BRDA:90,9,1,2
BRDA:96,10,0,1
BRDA:96,10,1,1
BRDA:115,11,0,1
BRDA:115,11,1,1
BRDA:134,12,0,1
BRDA:134,12,1,1
BRF:28
BRH:28
end_of_record
